<?xml version="1.0" encoding="UTF-8" ?>
<testsuite tests="56" failures="0" name="nl.han.ica.oopg.objects.GameObjectTest" time="0.069" errors="0" skipped="0">
  <properties>
    <property name="idea.version" value="2017.1.3"/>
    <property name="java.runtime.name" value="Java(TM) SE Runtime Environment"/>
    <property name="sun.boot.library.path" value="C:\Program Files\Java\jdk1.8.0_131\jre\bin"/>
    <property name="java.vm.version" value="25.131-b11"/>
    <property name="user.country.format" value="NL"/>
    <property name="java.vm.vendor" value="Oracle Corporation"/>
    <property name="maven.multiModuleProjectDirectory" value="C:\Users\timon\IdeaProjects\oopg-master"/>
    <property name="java.vendor.url" value="http://java.oracle.com/"/>
    <property name="path.separator" value=";"/>
    <property name="guice.disable.misplaced.annotation.check" value="true"/>
    <property name="java.vm.name" value="Java HotSpot(TM) 64-Bit Server VM"/>
    <property name="file.encoding.pkg" value="sun.io"/>
    <property name="user.script" value=""/>
    <property name="user.country" value="GB"/>
    <property name="sun.java.launcher" value="SUN_STANDARD"/>
    <property name="sun.os.patch.level" value=""/>
    <property name="java.vm.specification.name" value="Java Virtual Machine Specification"/>
    <property name="user.dir" value="C:\Users\timon\IdeaProjects\oopg-master"/>
    <property name="java.runtime.version" value="1.8.0_131-b11"/>
    <property name="java.awt.graphicsenv" value="sun.awt.Win32GraphicsEnvironment"/>
    <property name="java.endorsed.dirs" value="C:\Program Files\Java\jdk1.8.0_131\jre\lib\endorsed"/>
    <property name="os.arch" value="amd64"/>
    <property name="java.io.tmpdir" value="C:\Users\timon\AppData\Local\Temp\"/>
    <property name="line.separator" value="
"/>
    <property name="java.vm.specification.vendor" value="Oracle Corporation"/>
    <property name="user.variant" value=""/>
    <property name="os.name" value="Windows 10"/>
    <property name="classworlds.conf" value="C:\Program Files\JetBrains\IntelliJ IDEA Community Edition 2017.1.3\plugins\maven\lib\maven3\bin\m2.conf"/>
    <property name="sun.jnu.encoding" value="Cp1252"/>
    <property name="java.library.path" value="C:\Program Files\Java\jdk1.8.0_131\bin;C:\WINDOWS\Sun\Java\bin;C:\WINDOWS\system32;C:\WINDOWS;C:\Program Files (x86)\Common Files\Oracle\Java\javapath;C:\Program Files (x86)\NVIDIA Corporation\PhysX\Common;C:\ProgramData\Oracle\Java\javapath;C:\WINDOWS\system32;C:\WINDOWS;C:\WINDOWS\System32\Wbem;C:\WINDOWS\System32\WindowsPowerShell\v1.0\;C:\Program Files\nodejs\;C:\Program Files\Git\cmd;C:\Program Files\Git\bin;C:\Program Files\Microsoft SQL Server\Client SDK\ODBC\130\Tools\Binn\;C:\Program Files (x86)\Microsoft SQL Server\130\Tools\Binn\;C:\Program Files\Microsoft SQL Server\130\Tools\Binn\;C:\Program Files\Microsoft SQL Server\130\DTS\Binn\;C:\Program Files (x86)\Microsoft SQL Server\Client SDK\ODBC\130\Tools\Binn\;C:\Program Files (x86)\Microsoft SQL Server\140\Tools\Binn\;C:\Program Files (x86)\Microsoft SQL Server\140\DTS\Binn\;C:\Program Files (x86)\Microsoft SQL Server\140\Tools\Binn\ManagementStudio\;C:\WINDOWS\System32\OpenSSH\;C:\Users\timon\Downloads\ffmpeg-20180317-86c7d8d-win64-static\bin;C:\Program Files (x86)\NVIDIA Corporation\PhysX\Common;C:\ProgramData\Oracle\Java\javapath;C:\WINDOWS\system32;C:\WINDOWS;C:\WINDOWS\System32\Wbem;C:\WINDOWS\System32\WindowsPowerShell\v1.0\;C:\Program Files\nodejs\;C:\Program Files\Git\cmd;C:\Program Files\Git\bin;C:\Program Files\Microsoft SQL Server\Client SDK\ODBC\130\Tools\Binn\;C:\Program Files (x86)\Microsoft SQL Server\130\Tools\Binn\;C:\Program Files\Microsoft SQL Server\130\Tools\Binn\;C:\Program Files\Microsoft SQL Server\130\DTS\Binn\;C:\Program Files (x86)\Microsoft SQL Server\Client SDK\ODBC\130\Tools\Binn\;C:\Program Files (x86)\Microsoft SQL Server\140\Tools\Binn\;C:\Program Files (x86)\Microsoft SQL Server\140\DTS\Binn\;C:\Program Files (x86)\Microsoft SQL Server\140\Tools\Binn\ManagementStudio\;C:\Users\timon\AppData\Local\Microsoft\WindowsApps;C:\Users\timon\AppData\Roaming\npm;C:\Users\timon\AppData\Local\Programs\Fiddler;C:\Users\timon\AppData\Local\atom\bin;C:\Program File;C:\Program Files\Microsoft VS Code\bin;C:\Users\timon\AppData\Local\Microsoft\WindowsApps;;."/>
    <property name="java.specification.name" value="Java Platform API Specification"/>
    <property name="java.class.version" value="52.0"/>
    <property name="sun.management.compiler" value="HotSpot 64-Bit Tiered Compilers"/>
    <property name="os.version" value="10.0"/>
    <property name="user.home" value="C:\Users\timon"/>
    <property name="user.timezone" value="Europe/Berlin"/>
    <property name="java.awt.printerjob" value="sun.awt.windows.WPrinterJob"/>
    <property name="java.specification.version" value="1.8"/>
    <property name="file.encoding" value="UTF-8"/>
    <property name="user.name" value="timon"/>
    <property name="java.class.path" value="C:\Program Files\JetBrains\IntelliJ IDEA Community Edition 2017.1.3\plugins\maven\lib\maven3\boot\plexus-classworlds-2.5.2.jar;C:\Program Files\JetBrains\IntelliJ IDEA Community Edition 2017.1.3\lib\idea_rt.jar"/>
    <property name="java.vm.specification.version" value="1.8"/>
    <property name="sun.arch.data.model" value="64"/>
    <property name="java.home" value="C:\Program Files\Java\jdk1.8.0_131\jre"/>
    <property name="sun.java.command" value="org.codehaus.classworlds.Launcher -Didea.version=2017.1.3 install"/>
    <property name="java.specification.vendor" value="Oracle Corporation"/>
    <property name="user.language" value="en"/>
    <property name="user.language.format" value="nl"/>
    <property name="awt.toolkit" value="sun.awt.windows.WToolkit"/>
    <property name="java.vm.info" value="mixed mode"/>
    <property name="java.version" value="1.8.0_131"/>
    <property name="java.ext.dirs" value="C:\Program Files\Java\jdk1.8.0_131\jre\lib\ext;C:\WINDOWS\Sun\Java\lib\ext"/>
    <property name="sun.boot.class.path" value="C:\Program Files\Java\jdk1.8.0_131\jre\lib\resources.jar;C:\Program Files\Java\jdk1.8.0_131\jre\lib\rt.jar;C:\Program Files\Java\jdk1.8.0_131\jre\lib\sunrsasign.jar;C:\Program Files\Java\jdk1.8.0_131\jre\lib\jsse.jar;C:\Program Files\Java\jdk1.8.0_131\jre\lib\jce.jar;C:\Program Files\Java\jdk1.8.0_131\jre\lib\charsets.jar;C:\Program Files\Java\jdk1.8.0_131\jre\lib\jfr.jar;C:\Program Files\Java\jdk1.8.0_131\jre\classes"/>
    <property name="java.vendor" value="Oracle Corporation"/>
    <property name="maven.home" value="C:\Program Files\JetBrains\IntelliJ IDEA Community Edition 2017.1.3\plugins\maven\lib\maven3"/>
    <property name="file.separator" value="\"/>
    <property name="java.vendor.url.bug" value="http://bugreport.sun.com/bugreport/"/>
    <property name="sun.cpu.endian" value="little"/>
    <property name="sun.io.unicode.encoding" value="UnicodeLittle"/>
    <property name="sun.desktop" value="windows"/>
    <property name="sun.cpu.isalist" value="amd64"/>
  </properties>
  <testcase classname="nl.han.ica.oopg.objects.GameObjectTest" name="testUpdateObjectXspeedShouldBeZero" time="0.002"/>
  <testcase classname="nl.han.ica.oopg.objects.GameObjectTest" name="testSetFrictionOf0point05" time="0.001"/>
  <testcase classname="nl.han.ica.oopg.objects.GameObjectTest" name="getAngleFromGameObjectShouldReturn90Degree" time="0.001"/>
  <testcase classname="nl.han.ica.oopg.objects.GameObjectTest" name="testUnsetDirection" time="0.001"/>
  <testcase classname="nl.han.ica.oopg.objects.GameObjectTest" name="getCenterXShouldReturnACorrectValue" time="0.001"/>
  <testcase classname="nl.han.ica.oopg.objects.GameObjectTest" name="getCenterYShouldReturnACorrectValue" time="0.001"/>
  <testcase classname="nl.han.ica.oopg.objects.GameObjectTest" name="GetDistanceToOtherObjectOver0DegreesThatNeedsPythagoras" time="0.001"/>
  <testcase classname="nl.han.ica.oopg.objects.GameObjectTest" name="GetDistanceToOtherObjectThatIsAboveAndAtLeftOfMainObject" time="0.001"/>
  <testcase classname="nl.han.ica.oopg.objects.GameObjectTest" name="GetDistanceToOtherObjectOver180DegreesThatNeedsPythagoras" time="0.001"/>
  <testcase classname="nl.han.ica.oopg.objects.GameObjectTest" name="GetDistanceToOtherObjectThatIsBelowAndAtLeftOfMainObject" time="0.001"/>
  <testcase classname="nl.han.ica.oopg.objects.GameObjectTest" name="testUnsetGetSpeed" time="0.001"/>
  <testcase classname="nl.han.ica.oopg.objects.GameObjectTest" name="testSetDirectionSpeedDirection" time="0.001"/>
  <testcase classname="nl.han.ica.oopg.objects.GameObjectTest" name="testMoveObjectXspeedShouldBeZero" time="0.002"/>
  <testcase classname="nl.han.ica.oopg.objects.GameObjectTest" name="testCalculateXspeed" time="0.001"/>
  <testcase classname="nl.han.ica.oopg.objects.GameObjectTest" name="testNegativeSetXSpeed" time="0.001"/>
  <testcase classname="nl.han.ica.oopg.objects.GameObjectTest" name="testCalculateYspeed" time="0.002"/>
  <testcase classname="nl.han.ica.oopg.objects.GameObjectTest" name="testNegativeSetYSpeed" time="0.001"/>
  <testcase classname="nl.han.ica.oopg.objects.GameObjectTest" name="testUnsetXGetSpeed" time="0.001"/>
  <testcase classname="nl.han.ica.oopg.objects.GameObjectTest" name="GetDistanceToOtherObjectThatIsAboveAndAtRightSideOfMainObject" time="0.001"/>
  <testcase classname="nl.han.ica.oopg.objects.GameObjectTest" name="testPostitveDirection" time="0.001"/>
  <testcase classname="nl.han.ica.oopg.objects.GameObjectTest" name="testSetFrictionNegativeAndThrowException" time="0.002"/>
  <testcase classname="nl.han.ica.oopg.objects.GameObjectTest" name="GetDistanceToOtherObjectOver270DegreesThatNeedsPythagoras" time="0.002"/>
  <testcase classname="nl.han.ica.oopg.objects.GameObjectTest" name="setXShouldChangeTheXPosition" time="0.001"/>
  <testcase classname="nl.han.ica.oopg.objects.GameObjectTest" name="GetDistanceIfOtherObjectsBottomRightIsInsideMainObject" time="0.008"/>
  <testcase classname="nl.han.ica.oopg.objects.GameObjectTest" name="GetDistanceToOtherObjectThatIsAtLeftAndBelowMainObject" time="0"/>
  <testcase classname="nl.han.ica.oopg.objects.GameObjectTest" name="setWidthShouldChangeTheWidth" time="0"/>
  <testcase classname="nl.han.ica.oopg.objects.GameObjectTest" name="GetDistanceToOtherObjectThatIsAtRightAndBelowMainObject" time="0.003"/>
  <testcase classname="nl.han.ica.oopg.objects.GameObjectTest" name="setYShouldChangeTheYPosition" time="0"/>
  <testcase classname="nl.han.ica.oopg.objects.GameObjectTest" name="testGetFriction" time="0"/>
  <testcase classname="nl.han.ica.oopg.objects.GameObjectTest" name="testSetFrictionOf2AndThrowException" time="0.002"/>
  <testcase classname="nl.han.ica.oopg.objects.GameObjectTest" name="getAngleFromGameObjectShouldReturn180Degree" time="0.001"/>
  <testcase classname="nl.han.ica.oopg.objects.GameObjectTest" name="setZShouldChangeTheZPosition" time="0.001"/>
  <testcase classname="nl.han.ica.oopg.objects.GameObjectTest" name="setHeightShouldChangeTheHeight" time="0.001"/>
  <testcase classname="nl.han.ica.oopg.objects.GameObjectTest" name="testCalculateDirectionBasedOnPositiveSpeed" time="0.001"/>
  <testcase classname="nl.han.ica.oopg.objects.GameObjectTest" name="setVisibleShouldChangeTheVisibleValue" time="0.001"/>
  <testcase classname="nl.han.ica.oopg.objects.GameObjectTest" name="testSetXandYspeed" time="0.001"/>
  <testcase classname="nl.han.ica.oopg.objects.GameObjectTest" name="testGetAngleFromPossitiveX" time="0.001"/>
  <testcase classname="nl.han.ica.oopg.objects.GameObjectTest" name="testGetAngleFromPossitiveY" time="0.001"/>
  <testcase classname="nl.han.ica.oopg.objects.GameObjectTest" name="testUpdateObjectYspeedShouldBeZero" time="0.001"/>
  <testcase classname="nl.han.ica.oopg.objects.GameObjectTest" name="GetDistanceToOtherObjectOver90DegreesThatNeedsPythagoras" time="0.001"/>
  <testcase classname="nl.han.ica.oopg.objects.GameObjectTest" name="testSetXSpeed" time="0.001"/>
  <testcase classname="nl.han.ica.oopg.objects.GameObjectTest" name="testSetYSpeed" time="0.001"/>
  <testcase classname="nl.han.ica.oopg.objects.GameObjectTest" name="testUnsetYGetSpeed" time="0"/>
  <testcase classname="nl.han.ica.oopg.objects.GameObjectTest" name="testCalculateDirectionBasedOnNegativeSpeed" time="0.001"/>
  <testcase classname="nl.han.ica.oopg.objects.GameObjectTest" name="testNegativeDirection" time="0.001"/>
  <testcase classname="nl.han.ica.oopg.objects.GameObjectTest" name="testSetDirectionSpeedSpeed" time="0.002"/>
  <testcase classname="nl.han.ica.oopg.objects.GameObjectTest" name="getAngleFromGameObjectShouldReturn315Degree" time="0.002"/>
  <testcase classname="nl.han.ica.oopg.objects.GameObjectTest" name="testNegativeSetSpeed" time="0.001"/>
  <testcase classname="nl.han.ica.oopg.objects.GameObjectTest" name="GetDistanceIfOtherObjectsTopRightIsInsideMainObject" time="0.001"/>
  <testcase classname="nl.han.ica.oopg.objects.GameObjectTest" name="GetDistanceIfOtherObjectsBottomLeftIsInsideMainObject" time="0"/>
  <testcase classname="nl.han.ica.oopg.objects.GameObjectTest" name="GetDistanceToOtherObjectThatIsAtLeftAndAboveMainObject" time="0.002"/>
  <testcase classname="nl.han.ica.oopg.objects.GameObjectTest" name="GetDistanceToOtherObjectThatIsAtRightAndAboveMainObject" time="0.001"/>
  <testcase classname="nl.han.ica.oopg.objects.GameObjectTest" name="GetDistanceToOtherObjectThatIsBelowAndAtRightOfMainObject" time="0.001"/>
  <testcase classname="nl.han.ica.oopg.objects.GameObjectTest" name="testMoveObjectYspeedShouldBeZero" time="0.002"/>
  <testcase classname="nl.han.ica.oopg.objects.GameObjectTest" name="GetDistanceIfOtherObjectsTopLeftIsInsideMainObject" time="0.001"/>
  <testcase classname="nl.han.ica.oopg.objects.GameObjectTest" name="testSetSpeed" time="0.001"/>
</testsuite>